0 verbose cli C:\ProgramData\Jenkins\.jenkins\tools\jenkins.plugins.nodejs.tools.NodeJSInstallation\npm_Node\node.exe C:\ProgramData\Jenkins\.jenkins\tools\jenkins.plugins.nodejs.tools.NodeJSInstallation\npm_Node\node_modules\npm\bin\npm-cli.js
1 info using npm@9.2.0
2 info using node@v19.4.0
3 timing npm:load:whichnode Completed in 2ms
4 timing config:load:defaults Completed in 3ms
5 timing config:load:file:C:\ProgramData\Jenkins\.jenkins\tools\jenkins.plugins.nodejs.tools.NodeJSInstallation\npm_Node\node_modules\npm\npmrc Completed in 3ms
6 timing config:load:builtin Completed in 5ms
7 timing config:load:cli Completed in 4ms
8 timing config:load:env Completed in 2ms
9 timing config:load:file:C:\Cypress_Automation\.npmrc Completed in 0ms
10 timing config:load:project Completed in 3ms
11 timing config:load:file:C:\windows\system32\config\systemprofile\.npmrc Completed in 1ms
12 timing config:load:user Completed in 1ms
13 timing config:load:file:C:\ProgramData\Jenkins\.jenkins\tools\jenkins.plugins.nodejs.tools.NodeJSInstallation\npm_Node\etc\npmrc Completed in 0ms
14 timing config:load:global Completed in 1ms
15 timing config:load:setEnvs Completed in 3ms
16 timing config:load Completed in 24ms
17 timing npm:load:configload Completed in 24ms
18 timing npm:load:mkdirpcache Completed in 1ms
19 timing npm:load:mkdirplogs Completed in 1ms
20 verbose title npm run test
21 verbose argv "run" "test"
22 timing npm:load:setTitle Completed in 6ms
23 timing config:load:flatten Completed in 8ms
24 timing npm:load:display Completed in 10ms
25 verbose logfile logs-max:10 dir:C:\Cypress_Automation\.npm\_logs\2023-01-17T03_17_33_353Z-
26 verbose logfile C:\Cypress_Automation\.npm\_logs\2023-01-17T03_17_33_353Z-debug-0.log
27 timing npm:load:logFile Completed in 32ms
28 timing npm:load:timers Completed in 0ms
29 timing npm:load:configScope Completed in 0ms
30 timing npm:load Completed in 76ms
31 silly logfile done cleaning log files
32 timing config:load:flatten Completed in 1ms
33 timing command:run Completed in 1480ms
34 verbose exit 1
35 timing npm Completed in 1590ms
36 verbose code 1
